# JRE version: OpenJDK Runtime Environment (8.0_202-b03) (build 1.8.0_202-release-1483-b03)
# Java VM: OpenJDK 64-Bit Server VM (25.202-b03 mixed mode windows-amd64 compressed oops)
Heap:
 PSYoungGen      total 41472K, used 11003K [0x00000000eab00000, 0x00000000ee800000, 0x0000000100000000)
  eden space 24576K, 35% used [0x00000000eab00000,0x00000000eb392ef0,0x00000000ec300000)
  from space 16896K, 13% used [0x00000000ec300000,0x00000000ec52c050,0x00000000ed380000)
  to   space 16384K, 0% used [0x00000000ed800000,0x00000000ed800000,0x00000000ee800000)
 ParOldGen       total 97280K, used 63444K [0x00000000c0000000, 0x00000000c5f00000, 0x00000000eab00000)
  object space 97280K, 65% used [0x00000000c0000000,0x00000000c3df5360,0x00000000c5f00000)
 Metaspace       used 78966K, capacity 81316K, committed 81752K, reserved 1120256K
  class space    used 10277K, capacity 10793K, committed 10880K, reserved 1048576K
GC Heap History (10 events):
Event: 2468.309 GC heap before
{Heap before GC invocations=53 (full 4):
 PSYoungGen      total 31232K, used 14313K [0x00000000eab00000, 0x00000000ee300000, 0x0000000100000000)
  eden space 16896K, 0% used [0x00000000eab00000,0x00000000eab00000,0x00000000ebb80000)
  from space 14336K, 99% used [0x00000000ebb80000,0x00000000ec97a620,0x00000000ec980000)
  to   space 18432K, 0% used [0x00000000ed100000,0x00000000ed100000,0x00000000ee300000)
 ParOldGen       total 66048K, used 65331K [0x00000000c0000000, 0x00000000c4080000, 0x00000000eab00000)
  object space 66048K, 98% used [0x00000000c0000000,0x00000000c3fccef0,0x00000000c4080000)
 Metaspace       used 77738K, capacity 80352K, committed 80600K, reserved 1120256K
  class space    used 10200K, capacity 10741K, committed 10752K, reserved 1048576K
Event: 2468.681 GC heap after
Heap after GC invocations=53 (full 4):
 PSYoungGen      total 31232K, used 0K [0x00000000eab00000, 0x00000000ee300000, 0x0000000100000000)
  eden space 16896K, 0% used [0x00000000eab00000,0x00000000eab00000,0x00000000ebb80000)
  from space 14336K, 0% used [0x00000000ebb80000,0x00000000ebb80000,0x00000000ec980000)
  to   space 18432K, 0% used [0x00000000ed100000,0x00000000ed100000,0x00000000ee300000)
 ParOldGen       total 97280K, used 58967K [0x00000000c0000000, 0x00000000c5f00000, 0x00000000eab00000)
  object space 97280K, 60% used [0x00000000c0000000,0x00000000c3995ee0,0x00000000c5f00000)
 Metaspace       used 77447K, capacity 79768K, committed 80600K, reserved 1120256K
  class space    used 10134K, capacity 10619K, committed 10752K, reserved 1048576K
}
Event: 2469.228 GC heap before
{Heap before GC invocations=54 (full 4):
 PSYoungGen      total 31232K, used 16896K [0x00000000eab00000, 0x00000000ee300000, 0x0000000100000000)
  eden space 16896K, 100% used [0x00000000eab00000,0x00000000ebb80000,0x00000000ebb80000)
  from space 14336K, 0% used [0x00000000ebb80000,0x00000000ebb80000,0x00000000ec980000)
  to   space 18432K, 0% used [0x00000000ed100000,0x00000000ed100000,0x00000000ee300000)
 ParOldGen       total 97280K, used 58967K [0x00000000c0000000, 0x00000000c5f00000, 0x00000000eab00000)
  object space 97280K, 60% used [0x00000000c0000000,0x00000000c3995ee0,0x00000000c5f00000)
 Metaspace       used 78192K, capacity 80472K, committed 81240K, reserved 1120256K
  class space    used 10186K, capacity 10683K, committed 10880K, reserved 1048576K
Event: 2469.238 GC heap after
Heap after GC invocations=54 (full 4):
 PSYoungGen      total 36864K, used 7776K [0x00000000eab00000, 0x00000000ee100000, 0x0000000100000000)
  eden space 20480K, 0% used [0x00000000eab00000,0x00000000eab00000,0x00000000ebf00000)
  from space 16384K, 47% used [0x00000000ed100000,0x00000000ed898010,0x00000000ee100000)
  to   space 17408K, 0% used [0x00000000ebf00000,0x00000000ebf00000,0x00000000ed000000)
 ParOldGen       total 97280K, used 58975K [0x00000000c0000000, 0x00000000c5f00000, 0x00000000eab00000)
  object space 97280K, 60% used [0x00000000c0000000,0x00000000c3997ee0,0x00000000c5f00000)
 Metaspace       used 78192K, capacity 80472K, committed 81240K, reserved 1120256K
  class space    used 10186K, capacity 10683K, committed 10880K, reserved 1048576K
}
Event: 2470.259 GC heap before
{Heap before GC invocations=55 (full 4):
 PSYoungGen      total 36864K, used 28256K [0x00000000eab00000, 0x00000000ee100000, 0x0000000100000000)
  eden space 20480K, 100% used [0x00000000eab00000,0x00000000ebf00000,0x00000000ebf00000)
  from space 16384K, 47% used [0x00000000ed100000,0x00000000ed898010,0x00000000ee100000)
  to   space 17408K, 0% used [0x00000000ebf00000,0x00000000ebf00000,0x00000000ed000000)
 ParOldGen       total 97280K, used 58975K [0x00000000c0000000, 0x00000000c5f00000, 0x00000000eab00000)
  object space 97280K, 60% used [0x00000000c0000000,0x00000000c3997ee0,0x00000000c5f00000)
 Metaspace       used 78417K, capacity 80670K, committed 81496K, reserved 1120256K
  class space    used 10190K, capacity 10684K, committed 10880K, reserved 1048576K
Event: 2470.267 GC heap after
Heap after GC invocations=55 (full 4):
 PSYoungGen      total 37888K, used 1408K [0x00000000eab00000, 0x00000000ee580000, 0x0000000100000000)
  eden space 20480K, 0% used [0x00000000eab00000,0x00000000eab00000,0x00000000ebf00000)
  from space 17408K, 8% used [0x00000000ebf00000,0x00000000ec060000,0x00000000ed000000)
  to   space 17408K, 0% used [0x00000000ed480000,0x00000000ed480000,0x00000000ee580000)
 ParOldGen       total 97280K, used 61147K [0x00000000c0000000, 0x00000000c5f00000, 0x00000000eab00000)
  object space 97280K, 62% used [0x00000000c0000000,0x00000000c3bb6fb0,0x00000000c5f00000)
 Metaspace       used 78417K, capacity 80670K, committed 81496K, reserved 1120256K
  class space    used 10190K, capacity 10684K, committed 10880K, reserved 1048576K
}
Event: 2473.162 GC heap before
{Heap before GC invocations=56 (full 4):
 PSYoungGen      total 37888K, used 21888K [0x00000000eab00000, 0x00000000ee580000, 0x0000000100000000)
  eden space 20480K, 100% used [0x00000000eab00000,0x00000000ebf00000,0x00000000ebf00000)
  from space 17408K, 8% used [0x00000000ebf00000,0x00000000ec060000,0x00000000ed000000)
  to   space 17408K, 0% used [0x00000000ed480000,0x00000000ed480000,0x00000000ee580000)
 ParOldGen       total 97280K, used 61147K [0x00000000c0000000, 0x00000000c5f00000, 0x00000000eab00000)
  object space 97280K, 62% used [0x00000000c0000000,0x00000000c3bb6fb0,0x00000000c5f00000)
 Metaspace       used 78433K, capacity 80670K, committed 81496K, reserved 1120256K
  class space    used 10191K, capacity 10684K, committed 10880K, reserved 1048576K
Event: 2473.167 GC heap after
Heap after GC invocations=56 (full 4):
 PSYoungGen      total 40448K, used 1280K [0x00000000eab00000, 0x00000000ee400000, 0x0000000100000000)
  eden space 24576K, 0% used [0x00000000eab00000,0x00000000eab00000,0x00000000ec300000)
  from space 15872K, 8% used [0x00000000ed480000,0x00000000ed5c0000,0x00000000ee400000)
  to   space 16896K, 0% used [0x00000000ec300000,0x00000000ec300000,0x00000000ed380000)
 ParOldGen       total 97280K, used 62268K [0x00000000c0000000, 0x00000000c5f00000, 0x00000000eab00000)
  object space 97280K, 64% used [0x00000000c0000000,0x00000000c3ccf340,0x00000000c5f00000)
 Metaspace       used 78433K, capacity 80670K, committed 81496K, reserved 1120256K
  class space    used 10191K, capacity 10684K, committed 10880K, reserved 1048576K
}
Event: 2479.650 GC heap before
{Heap before GC invocations=57 (full 4):
 PSYoungGen      total 40448K, used 25856K [0x00000000eab00000, 0x00000000ee400000, 0x0000000100000000)
  eden space 24576K, 100% used [0x00000000eab00000,0x00000000ec300000,0x00000000ec300000)
  from space 15872K, 8% used [0x00000000ed480000,0x00000000ed5c0000,0x00000000ee400000)
  to   space 16896K, 0% used [0x00000000ec300000,0x00000000ec300000,0x00000000ed380000)
 ParOldGen       total 97280K, used 62268K [0x00000000c0000000, 0x00000000c5f00000, 0x00000000eab00000)
  object space 97280K, 64% used [0x00000000c0000000,0x00000000c3ccf340,0x00000000c5f00000)
 Metaspace       used 78674K, capacity 80998K, committed 81752K, reserved 1120256K
  class space    used 10229K, capacity 10738K, committed 10880K, reserved 1048576K
Event: 2479.655 GC heap after
Heap after GC invocations=57 (full 4):
 PSYoungGen      total 41472K, used 2224K [0x00000000eab00000, 0x00000000ee800000, 0x0000000100000000)
  eden space 24576K, 0% used [0x00000000eab00000,0x00000000eab00000,0x00000000ec300000)
  from space 16896K, 13% used [0x00000000ec300000,0x00000000ec52c050,0x00000000ed380000)
  to   space 16384K, 0% used [0x00000000ed800000,0x00000000ed800000,0x00000000ee800000)
 ParOldGen       total 97280K, used 63444K [0x00000000c0000000, 0x00000000c5f00000, 0x00000000eab00000)
  object space 97280K, 65% used [0x00000000c0000000,0x00000000c3df5360,0x00000000c5f00000)
 Metaspace       used 78674K, capacity 80998K, committed 81752K, reserved 1120256K
  class space    used 10229K, capacity 10738K, committed 10880K, reserved 1048576K
}

