# JRE version: OpenJDK Runtime Environment (8.0_202-b03) (build 1.8.0_202-release-1483-b03)
# Java VM: OpenJDK 64-Bit Server VM (25.202-b03 mixed mode windows-amd64 compressed oops)
Heap:
 PSYoungGen      total 404992K, used 354156K [0x00000000e0000000, 0x00000000fe000000, 0x0000000100000000)
  eden space 378368K, 91% used [0x00000000e0000000,0x00000000f53cd248,0x00000000f7180000)
  from space 26624K, 23% used [0x00000000f7180000,0x00000000f778df58,0x00000000f8b80000)
  to   space 25600K, 0% used [0x00000000fc700000,0x00000000fc700000,0x00000000fe000000)
 ParOldGen       total 168960K, used 120194K [0x00000000a0000000, 0x00000000aa500000, 0x00000000e0000000)
  object space 168960K, 71% used [0x00000000a0000000,0x00000000a7560ae8,0x00000000aa500000)
 Metaspace       used 99471K, capacity 103704K, committed 103936K, reserved 1140736K
  class space    used 12732K, capacity 13519K, committed 13568K, reserved 1048576K
GC Heap History (10 events):
Event: 224.648 GC heap before
{Heap before GC invocations=43 (full 4):
 PSYoungGen      total 312320K, used 289536K [0x00000000e0000000, 0x00000000f5180000, 0x0000000100000000)
  eden space 285184K, 100% used [0x00000000e0000000,0x00000000f1680000,0x00000000f1680000)
  from space 27136K, 16% used [0x00000000f3700000,0x00000000f3b40338,0x00000000f5180000)
  to   space 30208K, 0% used [0x00000000f1680000,0x00000000f1680000,0x00000000f3400000)
 ParOldGen       total 168960K, used 89792K [0x00000000a0000000, 0x00000000aa500000, 0x00000000e0000000)
  object space 168960K, 53% used [0x00000000a0000000,0x00000000a57b02b0,0x00000000aa500000)
 Metaspace       used 99286K, capacity 103536K, committed 103680K, reserved 1138688K
  class space    used 12727K, capacity 13515K, committed 13568K, reserved 1048576K
Event: 224.662 GC heap after
Heap after GC invocations=43 (full 4):
 PSYoungGen      total 315392K, used 2752K [0x00000000e0000000, 0x00000000f7b00000, 0x0000000100000000)
  eden space 285184K, 0% used [0x00000000e0000000,0x00000000e0000000,0x00000000f1680000)
  from space 30208K, 9% used [0x00000000f1680000,0x00000000f1930000,0x00000000f3400000)
  to   space 29696K, 0% used [0x00000000f5e00000,0x00000000f5e00000,0x00000000f7b00000)
 ParOldGen       total 168960K, used 92149K [0x00000000a0000000, 0x00000000aa500000, 0x00000000e0000000)
  object space 168960K, 54% used [0x00000000a0000000,0x00000000a59fd678,0x00000000aa500000)
 Metaspace       used 99286K, capacity 103536K, committed 103680K, reserved 1138688K
  class space    used 12727K, capacity 13515K, committed 13568K, reserved 1048576K
}
Event: 226.729 GC heap before
{Heap before GC invocations=44 (full 4):
 PSYoungGen      total 315392K, used 287936K [0x00000000e0000000, 0x00000000f7b00000, 0x0000000100000000)
  eden space 285184K, 100% used [0x00000000e0000000,0x00000000f1680000,0x00000000f1680000)
  from space 30208K, 9% used [0x00000000f1680000,0x00000000f1930000,0x00000000f3400000)
  to   space 29696K, 0% used [0x00000000f5e00000,0x00000000f5e00000,0x00000000f7b00000)
 ParOldGen       total 168960K, used 92149K [0x00000000a0000000, 0x00000000aa500000, 0x00000000e0000000)
  object space 168960K, 54% used [0x00000000a0000000,0x00000000a59fd678,0x00000000aa500000)
 Metaspace       used 99380K, capacity 103626K, committed 103680K, reserved 1138688K
  class space    used 12729K, capacity 13518K, committed 13568K, reserved 1048576K
Event: 226.750 GC heap after
Heap after GC invocations=44 (full 4):
 PSYoungGen      total 355328K, used 7372K [0x00000000e0000000, 0x00000000f7880000, 0x0000000100000000)
  eden space 328192K, 0% used [0x00000000e0000000,0x00000000e0000000,0x00000000f4080000)
  from space 27136K, 27% used [0x00000000f5e00000,0x00000000f65333b0,0x00000000f7880000)
  to   space 28672K, 0% used [0x00000000f4080000,0x00000000f4080000,0x00000000f5c80000)
 ParOldGen       total 168960K, used 94269K [0x00000000a0000000, 0x00000000aa500000, 0x00000000e0000000)
  object space 168960K, 55% used [0x00000000a0000000,0x00000000a5c0f688,0x00000000aa500000)
 Metaspace       used 99380K, capacity 103626K, committed 103680K, reserved 1138688K
  class space    used 12729K, capacity 13518K, committed 13568K, reserved 1048576K
}
Event: 227.623 GC heap before
{Heap before GC invocations=45 (full 4):
 PSYoungGen      total 355328K, used 335564K [0x00000000e0000000, 0x00000000f7880000, 0x0000000100000000)
  eden space 328192K, 100% used [0x00000000e0000000,0x00000000f4080000,0x00000000f4080000)
  from space 27136K, 27% used [0x00000000f5e00000,0x00000000f65333b0,0x00000000f7880000)
  to   space 28672K, 0% used [0x00000000f4080000,0x00000000f4080000,0x00000000f5c80000)
 ParOldGen       total 168960K, used 94269K [0x00000000a0000000, 0x00000000aa500000, 0x00000000e0000000)
  object space 168960K, 55% used [0x00000000a0000000,0x00000000a5c0f688,0x00000000aa500000)
 Metaspace       used 99393K, capacity 103630K, committed 103680K, reserved 1138688K
  class space    used 12729K, capacity 13518K, committed 13568K, reserved 1048576K
Event: 227.651 GC heap after
Heap after GC invocations=45 (full 4):
 PSYoungGen      total 356864K, used 13112K [0x00000000e0000000, 0x00000000fa680000, 0x0000000100000000)
  eden space 328192K, 0% used [0x00000000e0000000,0x00000000e0000000,0x00000000f4080000)
  from space 28672K, 45% used [0x00000000f4080000,0x00000000f4d4e120,0x00000000f5c80000)
  to   space 27648K, 0% used [0x00000000f8b80000,0x00000000f8b80000,0x00000000fa680000)
 ParOldGen       total 168960K, used 99833K [0x00000000a0000000, 0x00000000aa500000, 0x00000000e0000000)
  object space 168960K, 59% used [0x00000000a0000000,0x00000000a617e588,0x00000000aa500000)
 Metaspace       used 99393K, capacity 103630K, committed 103680K, reserved 1138688K
  class space    used 12729K, capacity 13518K, committed 13568K, reserved 1048576K
}
Event: 228.515 GC heap before
{Heap before GC invocations=46 (full 4):
 PSYoungGen      total 356864K, used 341304K [0x00000000e0000000, 0x00000000fa680000, 0x0000000100000000)
  eden space 328192K, 100% used [0x00000000e0000000,0x00000000f4080000,0x00000000f4080000)
  from space 28672K, 45% used [0x00000000f4080000,0x00000000f4d4e120,0x00000000f5c80000)
  to   space 27648K, 0% used [0x00000000f8b80000,0x00000000f8b80000,0x00000000fa680000)
 ParOldGen       total 168960K, used 99833K [0x00000000a0000000, 0x00000000aa500000, 0x00000000e0000000)
  object space 168960K, 59% used [0x00000000a0000000,0x00000000a617e588,0x00000000aa500000)
 Metaspace       used 99418K, capacity 103694K, committed 103936K, reserved 1140736K
  class space    used 12731K, capacity 13518K, committed 13568K, reserved 1048576K
Event: 228.543 GC heap after
Heap after GC invocations=46 (full 4):
 PSYoungGen      total 406016K, used 11905K [0x00000000e0000000, 0x00000000fa800000, 0x0000000100000000)
  eden space 378368K, 0% used [0x00000000e0000000,0x00000000e0000000,0x00000000f7180000)
  from space 27648K, 43% used [0x00000000f8b80000,0x00000000f9720630,0x00000000fa680000)
  to   space 26624K, 0% used [0x00000000f7180000,0x00000000f7180000,0x00000000f8b80000)
 ParOldGen       total 168960K, used 109332K [0x00000000a0000000, 0x00000000aa500000, 0x00000000e0000000)
  object space 168960K, 64% used [0x00000000a0000000,0x00000000a6ac52a8,0x00000000aa500000)
 Metaspace       used 99418K, capacity 103694K, committed 103936K, reserved 1140736K
  class space    used 12731K, capacity 13518K, committed 13568K, reserved 1048576K
}
Event: 229.626 GC heap before
{Heap before GC invocations=47 (full 4):
 PSYoungGen      total 406016K, used 390273K [0x00000000e0000000, 0x00000000fa800000, 0x0000000100000000)
  eden space 378368K, 100% used [0x00000000e0000000,0x00000000f7180000,0x00000000f7180000)
  from space 27648K, 43% used [0x00000000f8b80000,0x00000000f9720630,0x00000000fa680000)
  to   space 26624K, 0% used [0x00000000f7180000,0x00000000f7180000,0x00000000f8b80000)
 ParOldGen       total 168960K, used 109332K [0x00000000a0000000, 0x00000000aa500000, 0x00000000e0000000)
  object space 168960K, 64% used [0x00000000a0000000,0x00000000a6ac52a8,0x00000000aa500000)
 Metaspace       used 99444K, capacity 103704K, committed 103936K, reserved 1140736K
  class space    used 12732K, capacity 13519K, committed 13568K, reserved 1048576K
Event: 229.658 GC heap after
Heap after GC invocations=47 (full 4):
 PSYoungGen      total 404992K, used 6199K [0x00000000e0000000, 0x00000000fe000000, 0x0000000100000000)
  eden space 378368K, 0% used [0x00000000e0000000,0x00000000e0000000,0x00000000f7180000)
  from space 26624K, 23% used [0x00000000f7180000,0x00000000f778df58,0x00000000f8b80000)
  to   space 25600K, 0% used [0x00000000fc700000,0x00000000fc700000,0x00000000fe000000)
 ParOldGen       total 168960K, used 120194K [0x00000000a0000000, 0x00000000aa500000, 0x00000000e0000000)
  object space 168960K, 71% used [0x00000000a0000000,0x00000000a7560ae8,0x00000000aa500000)
 Metaspace       used 99444K, capacity 103704K, committed 103936K, reserved 1140736K
  class space    used 12732K, capacity 13519K, committed 13568K, reserved 1048576K
}

