# JRE version: OpenJDK Runtime Environment (8.0_202-b03) (build 1.8.0_202-release-1483-b03)
# Java VM: OpenJDK 64-Bit Server VM (25.202-b03 mixed mode windows-amd64 compressed oops)
Heap:
 PSYoungGen      total 293888K, used 124068K [0x00000000eab00000, 0x0000000100000000, 0x0000000100000000)
  eden space 256000K, 33% used [0x00000000eab00000,0x00000000eff2ec50,0x00000000fa500000)
  from space 37888K, 99% used [0x00000000fd780000,0x00000000ffc7a558,0x00000000ffc80000)
  to   space 46592K, 0% used [0x00000000fa500000,0x00000000fa500000,0x00000000fd280000)
 ParOldGen       total 219136K, used 153919K [0x00000000c0000000, 0x00000000cd600000, 0x00000000eab00000)
  object space 219136K, 70% used [0x00000000c0000000,0x00000000c964fc18,0x00000000cd600000)
 Metaspace       used 100244K, capacity 105324K, committed 105536K, reserved 1140736K
  class space    used 12912K, capacity 13831K, committed 13952K, reserved 1048576K
GC Heap History (10 events):
Event: 304.847 GC heap before
{Heap before GC invocations=56 (full 4):
 PSYoungGen      total 304640K, used 268368K [0x00000000eab00000, 0x0000000100000000, 0x0000000100000000)
  eden space 262144K, 100% used [0x00000000eab00000,0x00000000fab00000,0x00000000fab00000)
  from space 42496K, 14% used [0x00000000fab00000,0x00000000fb114010,0x00000000fd480000)
  to   space 41984K, 0% used [0x00000000fd700000,0x00000000fd700000,0x0000000100000000)
 ParOldGen       total 219136K, used 124077K [0x00000000c0000000, 0x00000000cd600000, 0x00000000eab00000)
  object space 219136K, 56% used [0x00000000c0000000,0x00000000c792b480,0x00000000cd600000)
 Metaspace       used 100101K, capacity 105226K, committed 105536K, reserved 1140736K
  class space    used 12901K, capacity 13826K, committed 13952K, reserved 1048576K
Event: 304.871 GC heap after
Heap after GC invocations=56 (full 4):
 PSYoungGen      total 305152K, used 6624K [0x00000000eab00000, 0x00000000ffe80000, 0x0000000100000000)
  eden space 264704K, 0% used [0x00000000eab00000,0x00000000eab00000,0x00000000fad80000)
  from space 40448K, 16% used [0x00000000fd700000,0x00000000fdd78000,0x00000000ffe80000)
  to   space 41472K, 0% used [0x00000000fad80000,0x00000000fad80000,0x00000000fd600000)
 ParOldGen       total 219136K, used 129881K [0x00000000c0000000, 0x00000000cd600000, 0x00000000eab00000)
  object space 219136K, 59% used [0x00000000c0000000,0x00000000c7ed64a0,0x00000000cd600000)
 Metaspace       used 100101K, capacity 105226K, committed 105536K, reserved 1140736K
  class space    used 12901K, capacity 13826K, committed 13952K, reserved 1048576K
}
Event: 305.455 GC heap before
{Heap before GC invocations=57 (full 4):
 PSYoungGen      total 305152K, used 271328K [0x00000000eab00000, 0x00000000ffe80000, 0x0000000100000000)
  eden space 264704K, 100% used [0x00000000eab00000,0x00000000fad80000,0x00000000fad80000)
  from space 40448K, 16% used [0x00000000fd700000,0x00000000fdd78000,0x00000000ffe80000)
  to   space 41472K, 0% used [0x00000000fad80000,0x00000000fad80000,0x00000000fd600000)
 ParOldGen       total 219136K, used 129881K [0x00000000c0000000, 0x00000000cd600000, 0x00000000eab00000)
  object space 219136K, 59% used [0x00000000c0000000,0x00000000c7ed64a0,0x00000000cd600000)
 Metaspace       used 100118K, capacity 105226K, committed 105536K, reserved 1140736K
  class space    used 12901K, capacity 13826K, committed 13952K, reserved 1048576K
Event: 305.482 GC heap after
Heap after GC invocations=57 (full 4):
 PSYoungGen      total 306176K, used 8352K [0x00000000eab00000, 0x00000000fff00000, 0x0000000100000000)
  eden space 264704K, 0% used [0x00000000eab00000,0x00000000eab00000,0x00000000fad80000)
  from space 41472K, 20% used [0x00000000fad80000,0x00000000fb5a8020,0x00000000fd600000)
  to   space 40448K, 0% used [0x00000000fd780000,0x00000000fd780000,0x00000000fff00000)
 ParOldGen       total 219136K, used 135657K [0x00000000c0000000, 0x00000000cd600000, 0x00000000eab00000)
  object space 219136K, 61% used [0x00000000c0000000,0x00000000c847a4b0,0x00000000cd600000)
 Metaspace       used 100118K, capacity 105226K, committed 105536K, reserved 1140736K
  class space    used 12901K, capacity 13826K, committed 13952K, reserved 1048576K
}
Event: 305.958 GC heap before
{Heap before GC invocations=58 (full 4):
 PSYoungGen      total 306176K, used 273056K [0x00000000eab00000, 0x00000000fff00000, 0x0000000100000000)
  eden space 264704K, 100% used [0x00000000eab00000,0x00000000fad80000,0x00000000fad80000)
  from space 41472K, 20% used [0x00000000fad80000,0x00000000fb5a8020,0x00000000fd600000)
  to   space 40448K, 0% used [0x00000000fd780000,0x00000000fd780000,0x00000000fff00000)
 ParOldGen       total 219136K, used 135657K [0x00000000c0000000, 0x00000000cd600000, 0x00000000eab00000)
  object space 219136K, 61% used [0x00000000c0000000,0x00000000c847a4b0,0x00000000cd600000)
 Metaspace       used 100120K, capacity 105290K, committed 105536K, reserved 1140736K
  class space    used 12901K, capacity 13826K, committed 13952K, reserved 1048576K
Event: 305.994 GC heap after
Heap after GC invocations=58 (full 4):
 PSYoungGen      total 306688K, used 3648K [0x00000000eab00000, 0x00000000ffe00000, 0x0000000100000000)
  eden space 267264K, 0% used [0x00000000eab00000,0x00000000eab00000,0x00000000fb000000)
  from space 39424K, 9% used [0x00000000fd780000,0x00000000fdb10010,0x00000000ffe00000)
  to   space 39936K, 0% used [0x00000000fb000000,0x00000000fb000000,0x00000000fd700000)
 ParOldGen       total 219136K, used 143922K [0x00000000c0000000, 0x00000000cd600000, 0x00000000eab00000)
  object space 219136K, 65% used [0x00000000c0000000,0x00000000c8c8c840,0x00000000cd600000)
 Metaspace       used 100120K, capacity 105290K, committed 105536K, reserved 1140736K
  class space    used 12901K, capacity 13826K, committed 13952K, reserved 1048576K
}
Event: 307.029 GC heap before
{Heap before GC invocations=59 (full 4):
 PSYoungGen      total 306688K, used 270912K [0x00000000eab00000, 0x00000000ffe00000, 0x0000000100000000)
  eden space 267264K, 100% used [0x00000000eab00000,0x00000000fb000000,0x00000000fb000000)
  from space 39424K, 9% used [0x00000000fd780000,0x00000000fdb10010,0x00000000ffe00000)
  to   space 39936K, 0% used [0x00000000fb000000,0x00000000fb000000,0x00000000fd700000)
 ParOldGen       total 219136K, used 143922K [0x00000000c0000000, 0x00000000cd600000, 0x00000000eab00000)
  object space 219136K, 65% used [0x00000000c0000000,0x00000000c8c8c840,0x00000000cd600000)
 Metaspace       used 100155K, capacity 105294K, committed 105536K, reserved 1140736K
  class space    used 12901K, capacity 13826K, committed 13952K, reserved 1048576K
Event: 307.051 GC heap after
Heap after GC invocations=59 (full 4):
 PSYoungGen      total 307200K, used 15616K [0x00000000eab00000, 0x00000000ffc80000, 0x0000000100000000)
  eden space 267264K, 0% used [0x00000000eab00000,0x00000000eab00000,0x00000000fb000000)
  from space 39936K, 39% used [0x00000000fb000000,0x00000000fbf40238,0x00000000fd700000)
  to   space 37888K, 0% used [0x00000000fd780000,0x00000000fd780000,0x00000000ffc80000)
 ParOldGen       total 219136K, used 147010K [0x00000000c0000000, 0x00000000cd600000, 0x00000000eab00000)
  object space 219136K, 67% used [0x00000000c0000000,0x00000000c8f90850,0x00000000cd600000)
 Metaspace       used 100155K, capacity 105294K, committed 105536K, reserved 1140736K
  class space    used 12901K, capacity 13826K, committed 13952K, reserved 1048576K
}
Event: 312.763 GC heap before
{Heap before GC invocations=60 (full 4):
 PSYoungGen      total 307200K, used 282880K [0x00000000eab00000, 0x00000000ffc80000, 0x0000000100000000)
  eden space 267264K, 100% used [0x00000000eab00000,0x00000000fb000000,0x00000000fb000000)
  from space 39936K, 39% used [0x00000000fb000000,0x00000000fbf40238,0x00000000fd700000)
  to   space 37888K, 0% used [0x00000000fd780000,0x00000000fd780000,0x00000000ffc80000)
 ParOldGen       total 219136K, used 147010K [0x00000000c0000000, 0x00000000cd600000, 0x00000000eab00000)
  object space 219136K, 67% used [0x00000000c0000000,0x00000000c8f90850,0x00000000cd600000)
 Metaspace       used 100185K, capacity 105306K, committed 105536K, reserved 1140736K
  class space    used 12902K, capacity 13828K, committed 13952K, reserved 1048576K
Event: 312.828 GC heap after
Heap after GC invocations=60 (full 4):
 PSYoungGen      total 293888K, used 37865K [0x00000000eab00000, 0x0000000100000000, 0x0000000100000000)
  eden space 256000K, 0% used [0x00000000eab00000,0x00000000eab00000,0x00000000fa500000)
  from space 37888K, 99% used [0x00000000fd780000,0x00000000ffc7a558,0x00000000ffc80000)
  to   space 46592K, 0% used [0x00000000fa500000,0x00000000fa500000,0x00000000fd280000)
 ParOldGen       total 219136K, used 153919K [0x00000000c0000000, 0x00000000cd600000, 0x00000000eab00000)
  object space 219136K, 70% used [0x00000000c0000000,0x00000000c964fc18,0x00000000cd600000)
 Metaspace       used 100185K, capacity 105306K, committed 105536K, reserved 1140736K
  class space    used 12902K, capacity 13828K, committed 13952K, reserved 1048576K
}

